
2021/04/26 12:08:14 SERVICE START: 04-26-2021
/Users/lorenzo/Progetti/mind-reminder/internal/api/v1/controllers/remindtocalculatecontroller.go:19
[3.270ms] [rows:3] SELECT object_id, object_type FROM "remind_to_calculate" WHERE elaborated_at is null GROUP BY object_id, object_type
/Users/lorenzo/Progetti/mind-reminder/internal/api/v1/controllers/remindtocalculatecontroller.go:23
[1.807ms] [rows:1] SELECT * FROM "remind_to_calculate" WHERE object_id = '{"ID":"4"}' and object_type = 'Utente' and elaborated_at is null ORDER BY created_at desc,"remind_to_calculate"."id" LIMIT 1
/Users/lorenzo/Progetti/mind-reminder/internal/api/v1/controllers/remindtocalculatecontroller.go:23
[0.407ms] [rows:1] SELECT * FROM "remind_to_calculate" WHERE object_id = '{"ID":"1"}' and object_type = 'Ruolo' and elaborated_at is null ORDER BY created_at desc,"remind_to_calculate"."id" LIMIT 1
/Users/lorenzo/Progetti/mind-reminder/internal/api/v1/controllers/remindtocalculatecontroller.go:23
[0.249ms] [rows:1] SELECT * FROM "remind_to_calculate" WHERE object_id = '{"ID":"1"}' and object_type = 'Utente' and elaborated_at is null ORDER BY created_at desc,"remind_to_calculate"."id" LIMIT 1
/Users/lorenzo/go/pkg/mod/gorm.io/driver/postgres@v1.0.8/postgres.go:166
[0.378ms] [rows:0] SAVEPOINT sp0x14d0980
/Users/lorenzo/Progetti/mind-reminder/internal/api/v1/controllers/remindercontroller.go:24 WHERE conditions required
[0.551ms] [rows:0] DELETE FROM "reminder"
/Users/lorenzo/go/pkg/mod/gorm.io/driver/postgres@v1.0.8/postgres.go:171
[3.181ms] [rows:0] ROLLBACK TO SAVEPOINT sp0x14d0980
/Users/lorenzo/Progetti/mind-reminder/internal/api/v1/controllers/remindtocalculatecontroller.go:33
[2.591ms] [rows:2] UPDATE "remind_to_calculate" SET "elaborated_at"='2021-04-26 12:08:06.992' WHERE created_at < '2021-04-26 12:08:06.992' AND (object_id = '{"ID":"4"}' and object_type = 'Utente' and elaborated_at is null)
/Users/lorenzo/Progetti/mind-reminder/internal/api/v1/controllers/remindtocalculatecontroller.go:33
[0.843ms] [rows:3] UPDATE "remind_to_calculate" SET "elaborated_at"='2021-04-26 12:08:06.992',"error"='Missing ObjectType Ruolo in typeRegistry' WHERE created_at < '2021-04-26 12:08:06.992' AND (object_id = '{"ID":"1"}' and object_type = 'Ruolo' and elaborated_at is null)
/Users/lorenzo/go/pkg/mod/gorm.io/driver/postgres@v1.0.8/postgres.go:166
[0.307ms] [rows:0] SAVEPOINT sp0x14d0980
/Users/lorenzo/Progetti/mind-reminder/internal/api/v1/controllers/remindercontroller.go:24 WHERE conditions required
[0.042ms] [rows:0] DELETE FROM "reminder"
/Users/lorenzo/go/pkg/mod/gorm.io/driver/postgres@v1.0.8/postgres.go:171
[0.232ms] [rows:0] ROLLBACK TO SAVEPOINT sp0x14d0980
/Users/lorenzo/Progetti/mind-reminder/internal/api/v1/controllers/remindtocalculatecontroller.go:33
[0.719ms] [rows:4] UPDATE "remind_to_calculate" SET "elaborated_at"='2021-04-26 12:08:06.992' WHERE created_at < '2021-04-26 12:08:06.992' AND (object_id = '{"ID":"1"}' and object_type = 'Utente' and elaborated_at is null)
SERVICE END: 04-26-2021

2021/04/26 12:08:20 SERVICE START: 04-26-2021
/Users/lorenzo/Progetti/mind-reminder/internal/api/v1/controllers/remindtocalculatecontroller.go:19
[2.948ms] [rows:0] SELECT object_id, object_type FROM "remind_to_calculate" WHERE elaborated_at is null GROUP BY object_id, object_type
SERVICE END: 04-26-2021

2021/04/26 12:18:52 SERVICE START: 04-26-2021
/Users/lorenzo/Progetti/mind-reminder/internal/api/v1/controllers/remindtocalculatecontroller.go:19
[3.485ms] [rows:3] SELECT object_id, object_type FROM "remind_to_calculate" WHERE elaborated_at is null GROUP BY object_id, object_type
/Users/lorenzo/Progetti/mind-reminder/internal/api/v1/controllers/remindtocalculatecontroller.go:23
[1.456ms] [rows:1] SELECT * FROM "remind_to_calculate" WHERE object_id = '{"ID":"4"}' and object_type = 'Utente' and elaborated_at is null ORDER BY created_at desc,"remind_to_calculate"."id" LIMIT 1
/Users/lorenzo/Progetti/mind-reminder/internal/api/v1/controllers/remindtocalculatecontroller.go:23
[0.287ms] [rows:1] SELECT * FROM "remind_to_calculate" WHERE object_id = '{"ID":"1"}' and object_type = 'Ruolo' and elaborated_at is null ORDER BY created_at desc,"remind_to_calculate"."id" LIMIT 1
/Users/lorenzo/Progetti/mind-reminder/internal/api/v1/controllers/remindtocalculatecontroller.go:23
[0.279ms] [rows:1] SELECT * FROM "remind_to_calculate" WHERE object_id = '{"ID":"1"}' and object_type = 'Utente' and elaborated_at is null ORDER BY created_at desc,"remind_to_calculate"."id" LIMIT 1
/Users/lorenzo/go/pkg/mod/gorm.io/driver/postgres@v1.0.8/postgres.go:166
[0.512ms] [rows:0] SAVEPOINT sp0x14d0c00
/Users/lorenzo/Progetti/mind-reminder/internal/api/v1/controllers/remindercontroller.go:29
[15.691ms] [rows:1] INSERT INTO "reminder" ("description","reminder_type","object_raw","object_type","expire_at","accomplished_at","percentage","status_description","visibility") VALUES ('Test','Scadenza','{"ID":4,"Username":"lore","Nome":"Lorenzo","Cognome":"Test","JwtToken":null,"RuoloID":1}','','2021-04-26 12:18:30.294',NULL,0.000000,NULL,NULL) RETURNING "created_at","id"
/Users/lorenzo/Progetti/mind-reminder/internal/api/v1/controllers/remindtocalculatecontroller.go:33
[1.587ms] [rows:2] UPDATE "remind_to_calculate" SET "elaborated_at"='2021-04-26 12:18:26.611' WHERE created_at < '2021-04-26 12:18:26.611' AND (object_id = '{"ID":"4"}' and object_type = 'Utente' and elaborated_at is null)
/Users/lorenzo/Progetti/mind-reminder/internal/api/v1/controllers/remindtocalculatecontroller.go:33
[1.016ms] [rows:3] UPDATE "remind_to_calculate" SET "elaborated_at"='2021-04-26 12:18:26.611',"error"='Missing ObjectType Ruolo in typeRegistry' WHERE created_at < '2021-04-26 12:18:26.611' AND (object_id = '{"ID":"1"}' and object_type = 'Ruolo' and elaborated_at is null)
/Users/lorenzo/go/pkg/mod/gorm.io/driver/postgres@v1.0.8/postgres.go:166
[0.294ms] [rows:0] SAVEPOINT sp0x14d0c00
/Users/lorenzo/Progetti/mind-reminder/internal/api/v1/controllers/remindercontroller.go:29
[1.031ms] [rows:1] INSERT INTO "reminder" ("description","reminder_type","object_raw","object_type","expire_at","accomplished_at","percentage","status_description","visibility") VALUES ('Test','Scadenza','{"ID":1,"Username":"lamicolor","Nome":"Simone","Cognome":"Rocchi","JwtToken":null,"RuoloID":1}','','2021-04-26 12:18:47.363',NULL,0.000000,NULL,NULL) RETURNING "created_at","id"
/Users/lorenzo/Progetti/mind-reminder/internal/api/v1/controllers/remindtocalculatecontroller.go:33
[0.982ms] [rows:4] UPDATE "remind_to_calculate" SET "elaborated_at"='2021-04-26 12:18:26.611' WHERE created_at < '2021-04-26 12:18:26.611' AND (object_id = '{"ID":"1"}' and object_type = 'Utente' and elaborated_at is null)
SERVICE END: 04-26-2021

2021/04/26 12:21:56 SERVICE START: 04-26-2021
/Users/lorenzo/Progetti/mind-reminder/internal/api/v1/controllers/remindtocalculatecontroller.go:19
[2.925ms] [rows:3] SELECT object_id, object_type FROM "remind_to_calculate" WHERE elaborated_at is null GROUP BY object_id, object_type
/Users/lorenzo/Progetti/mind-reminder/internal/api/v1/controllers/remindtocalculatecontroller.go:23
[1.772ms] [rows:1] SELECT * FROM "remind_to_calculate" WHERE object_id = '{"ID":"4"}' and object_type = 'Utente' and elaborated_at is null ORDER BY created_at desc,"remind_to_calculate"."id" LIMIT 1
/Users/lorenzo/Progetti/mind-reminder/internal/api/v1/controllers/remindtocalculatecontroller.go:23
[0.306ms] [rows:1] SELECT * FROM "remind_to_calculate" WHERE object_id = '{"ID":"1"}' and object_type = 'Ruolo' and elaborated_at is null ORDER BY created_at desc,"remind_to_calculate"."id" LIMIT 1
/Users/lorenzo/Progetti/mind-reminder/internal/api/v1/controllers/remindtocalculatecontroller.go:23
[0.322ms] [rows:1] SELECT * FROM "remind_to_calculate" WHERE object_id = '{"ID":"1"}' and object_type = 'Utente' and elaborated_at is null ORDER BY created_at desc,"remind_to_calculate"."id" LIMIT 1
/Users/lorenzo/go/pkg/mod/gorm.io/driver/postgres@v1.0.8/postgres.go:166
[0.725ms] [rows:0] SAVEPOINT sp0x14d0c40
/Users/lorenzo/Progetti/mind-reminder/internal/api/v1/controllers/remindercontroller.go:29
[5.112ms] [rows:1] INSERT INTO "reminder" ("description","reminder_type","object_raw","object_type","expire_at","accomplished_at","percentage","status_description","visibility") VALUES ('Test','Scadenza','{"ID":4,"Username":"lore","Nome":"Lorenzo","Cognome":"Test","JwtToken":null,"RuoloID":1}','Utente','2021-04-26 12:21:49.547',NULL,0.000000,NULL,NULL) RETURNING "created_at","id"
/Users/lorenzo/Progetti/mind-reminder/internal/api/v1/controllers/remindtocalculatecontroller.go:33
[1.340ms] [rows:2] UPDATE "remind_to_calculate" SET "elaborated_at"='2021-04-26 12:21:33.008' WHERE created_at < '2021-04-26 12:21:33.008' AND (object_id = '{"ID":"4"}' and object_type = 'Utente' and elaborated_at is null)
/Users/lorenzo/Progetti/mind-reminder/internal/api/v1/controllers/remindtocalculatecontroller.go:33
[0.927ms] [rows:3] UPDATE "remind_to_calculate" SET "elaborated_at"='2021-04-26 12:21:33.008',"error"='Missing ObjectType Ruolo in typeRegistry' WHERE created_at < '2021-04-26 12:21:33.008' AND (object_id = '{"ID":"1"}' and object_type = 'Ruolo' and elaborated_at is null)
/Users/lorenzo/go/pkg/mod/gorm.io/driver/postgres@v1.0.8/postgres.go:166
[0.359ms] [rows:0] SAVEPOINT sp0x14d0c40
/Users/lorenzo/Progetti/mind-reminder/internal/api/v1/controllers/remindercontroller.go:29
[0.882ms] [rows:1] INSERT INTO "reminder" ("description","reminder_type","object_raw","object_type","expire_at","accomplished_at","percentage","status_description","visibility") VALUES ('Test','Scadenza','{"ID":1,"Username":"lamicolor","Nome":"Simone","Cognome":"Rocchi","JwtToken":null,"RuoloID":1}','Utente','2021-04-26 12:21:55.814',NULL,0.000000,NULL,NULL) RETURNING "created_at","id"
/Users/lorenzo/Progetti/mind-reminder/internal/api/v1/controllers/remindtocalculatecontroller.go:33
[0.684ms] [rows:4] UPDATE "remind_to_calculate" SET "elaborated_at"='2021-04-26 12:21:33.008' WHERE created_at < '2021-04-26 12:21:33.008' AND (object_id = '{"ID":"1"}' and object_type = 'Utente' and elaborated_at is null)
SERVICE END: 04-26-2021

2021/04/26 12:26:43 SERVICE START: 04-26-2021
/Users/lorenzo/Progetti/mind-reminder/internal/api/v1/controllers/remindtocalculatecontroller.go:19
[3.268ms] [rows:3] SELECT object_id, object_type FROM "remind_to_calculate" WHERE elaborated_at is null GROUP BY object_id, object_type
/Users/lorenzo/Progetti/mind-reminder/internal/api/v1/controllers/remindtocalculatecontroller.go:23
[1.674ms] [rows:1] SELECT * FROM "remind_to_calculate" WHERE object_id = '{"ID":"4"}' and object_type = 'Utente' and elaborated_at is null ORDER BY created_at desc,"remind_to_calculate"."id" LIMIT 1
/Users/lorenzo/Progetti/mind-reminder/internal/api/v1/controllers/remindtocalculatecontroller.go:23
[0.359ms] [rows:1] SELECT * FROM "remind_to_calculate" WHERE object_id = '{"ID":"1"}' and object_type = 'Ruolo' and elaborated_at is null ORDER BY created_at desc,"remind_to_calculate"."id" LIMIT 1
/Users/lorenzo/Progetti/mind-reminder/internal/api/v1/controllers/remindtocalculatecontroller.go:23
[0.274ms] [rows:1] SELECT * FROM "remind_to_calculate" WHERE object_id = '{"ID":"1"}' and object_type = 'Utente' and elaborated_at is null ORDER BY created_at desc,"remind_to_calculate"."id" LIMIT 1
/Users/lorenzo/Progetti/mind-reminder/cmd/main.go:45
[2.028ms] [rows:1] SELECT * FROM "reminder" ORDER BY "reminder"."id" LIMIT 1
/Users/lorenzo/go/pkg/mod/gorm.io/driver/postgres@v1.0.8/postgres.go:166
[0.904ms] [rows:0] SAVEPOINT sp0x14d0c30
/Users/lorenzo/Progetti/mind-reminder/internal/api/v1/controllers/remindercontroller.go:24
[2.675ms] [rows:1] DELETE FROM "reminder" WHERE "reminder"."id" = 1
/Users/lorenzo/Progetti/mind-reminder/internal/api/v1/controllers/remindercontroller.go:29
[1.594ms] [rows:1] INSERT INTO "reminder" ("description","reminder_type","object_raw","object_type","expire_at","accomplished_at","percentage","status_description","visibility") VALUES ('Test','Scadenza','{"ID":4,"Username":"lore","Nome":"Lorenzo","Cognome":"Test","JwtToken":null,"RuoloID":1}','Utente','2021-04-26 12:26:16.515',NULL,0.000000,NULL,NULL) RETURNING "created_at","id"
/Users/lorenzo/Progetti/mind-reminder/internal/api/v1/controllers/remindtocalculatecontroller.go:33
[1.360ms] [rows:2] UPDATE "remind_to_calculate" SET "elaborated_at"='2021-04-26 12:26:16.509' WHERE created_at < '2021-04-26 12:26:16.509' AND (object_id = '{"ID":"4"}' and object_type = 'Utente' and elaborated_at is null)
/Users/lorenzo/Progetti/mind-reminder/internal/api/v1/controllers/remindtocalculatecontroller.go:33
[0.974ms] [rows:3] UPDATE "remind_to_calculate" SET "elaborated_at"='2021-04-26 12:26:16.509',"error"='Missing ObjectType Ruolo in typeRegistry' WHERE created_at < '2021-04-26 12:26:16.509' AND (object_id = '{"ID":"1"}' and object_type = 'Ruolo' and elaborated_at is null)
/Users/lorenzo/Progetti/mind-reminder/cmd/main.go:45
[0.566ms] [rows:1] SELECT * FROM "reminder" ORDER BY "reminder"."id" LIMIT 1
/Users/lorenzo/go/pkg/mod/gorm.io/driver/postgres@v1.0.8/postgres.go:166
[0.380ms] [rows:0] SAVEPOINT sp0x14d0c30
/Users/lorenzo/Progetti/mind-reminder/internal/api/v1/controllers/remindercontroller.go:24
[0.587ms] [rows:1] DELETE FROM "reminder" WHERE "reminder"."id" = 2
/Users/lorenzo/Progetti/mind-reminder/internal/api/v1/controllers/remindercontroller.go:29
[0.532ms] [rows:1] INSERT INTO "reminder" ("description","reminder_type","object_raw","object_type","expire_at","accomplished_at","percentage","status_description","visibility") VALUES ('Test','Scadenza','{"ID":1,"Username":"lamicolor","Nome":"Simone","Cognome":"Rocchi","JwtToken":null,"RuoloID":1}','Utente','2021-04-26 12:26:37.737',NULL,0.000000,NULL,NULL) RETURNING "created_at","id"
/Users/lorenzo/Progetti/mind-reminder/internal/api/v1/controllers/remindtocalculatecontroller.go:33
[0.469ms] [rows:4] UPDATE "remind_to_calculate" SET "elaborated_at"='2021-04-26 12:26:16.509' WHERE created_at < '2021-04-26 12:26:16.509' AND (object_id = '{"ID":"1"}' and object_type = 'Utente' and elaborated_at is null)
SERVICE END: 04-26-2021

2021/04/26 12:32:10 SERVICE START: 04-26-2021
/Users/lorenzo/Progetti/mind-reminder/internal/api/v1/controllers/remindtocalculatecontroller.go:19
[2.900ms] [rows:0] SELECT object_id, object_type FROM "remind_to_calculate" WHERE elaborated_at is null GROUP BY object_id, object_type
SERVICE END: 04-26-2021

2021/04/26 12:40:06 SERVICE START: 04-26-2021
/Users/lorenzo/Progetti/mind-reminder/internal/api/v1/controllers/remindtocalculatecontroller.go:19
[3.225ms] [rows:3] SELECT object_id, object_type FROM "remind_to_calculate" WHERE elaborated_at is null GROUP BY object_id, object_type
/Users/lorenzo/Progetti/mind-reminder/internal/api/v1/controllers/remindtocalculatecontroller.go:23
[1.464ms] [rows:1] SELECT * FROM "remind_to_calculate" WHERE object_id = '{"ID":"4"}' and object_type = 'Utente' and elaborated_at is null ORDER BY created_at desc,"remind_to_calculate"."id" LIMIT 1
/Users/lorenzo/Progetti/mind-reminder/internal/api/v1/controllers/remindtocalculatecontroller.go:23
[0.285ms] [rows:1] SELECT * FROM "remind_to_calculate" WHERE object_id = '{"ID":"1"}' and object_type = 'Ruolo' and elaborated_at is null ORDER BY created_at desc,"remind_to_calculate"."id" LIMIT 1
/Users/lorenzo/Progetti/mind-reminder/internal/api/v1/controllers/remindtocalculatecontroller.go:23
[0.291ms] [rows:1] SELECT * FROM "remind_to_calculate" WHERE object_id = '{"ID":"1"}' and object_type = 'Utente' and elaborated_at is null ORDER BY created_at desc,"remind_to_calculate"."id" LIMIT 1
/Users/lorenzo/go/pkg/mod/gorm.io/driver/postgres@v1.0.8/postgres.go:166
[0.550ms] [rows:0] SAVEPOINT sp0x14d0be0
/Users/lorenzo/Progetti/mind-reminder/internal/api/v1/controllers/remindercontroller.go:25
[3.295ms] [rows:1] DELETE FROM "reminder" WHERE "reminder"."id" = 5
/Users/lorenzo/Progetti/mind-reminder/internal/api/v1/controllers/remindercontroller.go:30
[2.675ms] [rows:1] INSERT INTO "reminder" ("description","reminder_type","object_raw","object_type","expire_at","accomplished_at","percentage","status_description","visibility") VALUES ('Test','Scadenza','{"ID":4,"Username":"lore","Nome":"Lorenzo","Cognome":"Test","JwtToken":null,"RuoloID":1}','Utente','2021-04-26 12:39:47.571',NULL,0.000000,NULL,NULL) RETURNING "created_at","id"
/Users/lorenzo/Progetti/mind-reminder/internal/api/v1/controllers/remindtocalculatecontroller.go:33
[1.404ms] [rows:2] UPDATE "remind_to_calculate" SET "elaborated_at"='2021-04-26 12:39:47.566' WHERE created_at < '2021-04-26 12:39:47.566' AND (object_id = '{"ID":"4"}' and object_type = 'Utente' and elaborated_at is null)
/Users/lorenzo/Progetti/mind-reminder/internal/api/v1/controllers/remindtocalculatecontroller.go:33
[0.827ms] [rows:3] UPDATE "remind_to_calculate" SET "elaborated_at"='2021-04-26 12:39:47.566',"error"='Missing ObjectType Ruolo in typeRegistry' WHERE created_at < '2021-04-26 12:39:47.566' AND (object_id = '{"ID":"1"}' and object_type = 'Ruolo' and elaborated_at is null)
/Users/lorenzo/go/pkg/mod/gorm.io/driver/postgres@v1.0.8/postgres.go:166
[0.405ms] [rows:0] SAVEPOINT sp0x14d0be0
/Users/lorenzo/Progetti/mind-reminder/internal/api/v1/controllers/remindercontroller.go:25
[0.510ms] [rows:0] DELETE FROM "reminder" WHERE "reminder"."id" = 5
/Users/lorenzo/Progetti/mind-reminder/internal/api/v1/controllers/remindercontroller.go:30
[1.215ms] [rows:1] INSERT INTO "reminder" ("description","reminder_type","object_raw","object_type","expire_at","accomplished_at","percentage","status_description","visibility") VALUES ('Test','Scadenza','{"ID":1,"Username":"lamicolor","Nome":"Simone","Cognome":"Rocchi","JwtToken":null,"RuoloID":1}','Utente','2021-04-26 12:40:00.6',NULL,0.000000,NULL,NULL) RETURNING "created_at","id"
/Users/lorenzo/Progetti/mind-reminder/internal/api/v1/controllers/remindtocalculatecontroller.go:33
[1.081ms] [rows:4] UPDATE "remind_to_calculate" SET "elaborated_at"='2021-04-26 12:39:47.566' WHERE created_at < '2021-04-26 12:39:47.566' AND (object_id = '{"ID":"1"}' and object_type = 'Utente' and elaborated_at is null)
SERVICE END: 04-26-2021

2021/04/26 12:40:50 SERVICE START: 04-26-2021
/Users/lorenzo/Progetti/mind-reminder/internal/api/v1/controllers/remindtocalculatecontroller.go:19
[3.509ms] [rows:0] SELECT object_id, object_type FROM "remind_to_calculate" WHERE elaborated_at is null GROUP BY object_id, object_type
SERVICE END: 04-26-2021

2021/04/26 15:35:09 SERVICE START: 04-26-2021
/Users/lorenzo/Progetti/mind-reminder/internal/api/v1/controllers/remindtocalculatecontroller.go:19
[3.051ms] [rows:3] SELECT object_id, object_type FROM "remind_to_calculate" WHERE elaborated_at is null GROUP BY object_id, object_type
/Users/lorenzo/Progetti/mind-reminder/internal/api/v1/controllers/remindtocalculatecontroller.go:23
[1.647ms] [rows:1] SELECT * FROM "remind_to_calculate" WHERE object_id = '{"ID":"4"}' and object_type = 'Utente' and elaborated_at is null ORDER BY created_at desc,"remind_to_calculate"."id" LIMIT 1
/Users/lorenzo/Progetti/mind-reminder/internal/api/v1/controllers/remindtocalculatecontroller.go:23
[0.387ms] [rows:1] SELECT * FROM "remind_to_calculate" WHERE object_id = '{"ID":"1"}' and object_type = 'Ruolo' and elaborated_at is null ORDER BY created_at desc,"remind_to_calculate"."id" LIMIT 1
/Users/lorenzo/Progetti/mind-reminder/internal/api/v1/controllers/remindtocalculatecontroller.go:23
[0.328ms] [rows:1] SELECT * FROM "remind_to_calculate" WHERE object_id = '{"ID":"1"}' and object_type = 'Utente' and elaborated_at is null ORDER BY created_at desc,"remind_to_calculate"."id" LIMIT 1
/Users/lorenzo/Progetti/mind-reminder/cmd/main.go:45 record not found
[1.168ms] [rows:0] SELECT * FROM "reminder" ORDER BY "reminder"."id" LIMIT 1
/Users/lorenzo/Progetti/mind-reminder/internal/api/v1/controllers/remindtocalculatecontroller.go:33
[0.845ms] [rows:2] UPDATE "remind_to_calculate" SET "elaborated_at"='2021-04-26 15:35:09.705',"error"='record not found' WHERE created_at < '2021-04-26 15:35:09.705' AND (object_id = '{"ID":"4"}' and object_type = 'Utente' and elaborated_at is null)
/Users/lorenzo/Progetti/mind-reminder/internal/api/v1/controllers/remindtocalculatecontroller.go:33
[0.288ms] [rows:3] UPDATE "remind_to_calculate" SET "elaborated_at"='2021-04-26 15:35:09.705',"error"='Missing ObjectType Ruolo in typeRegistry' WHERE created_at < '2021-04-26 15:35:09.705' AND (object_id = '{"ID":"1"}' and object_type = 'Ruolo' and elaborated_at is null)
/Users/lorenzo/Progetti/mind-reminder/cmd/main.go:45 record not found
[0.126ms] [rows:0] SELECT * FROM "reminder" ORDER BY "reminder"."id" LIMIT 1
/Users/lorenzo/Progetti/mind-reminder/internal/api/v1/controllers/remindtocalculatecontroller.go:33
[0.317ms] [rows:5] UPDATE "remind_to_calculate" SET "elaborated_at"='2021-04-26 15:35:09.705',"error"='record not found' WHERE created_at < '2021-04-26 15:35:09.705' AND (object_id = '{"ID":"1"}' and object_type = 'Utente' and elaborated_at is null)
SERVICE END: 04-26-2021
EXECUTION TIME: 0.009531999 sec.

2021/04/26 15:38:00 SERVICE START: 04-26-2021
/Users/lorenzo/Progetti/mind-reminder/internal/api/v1/controllers/remindtocalculatecontroller.go:19
[3.888ms] [rows:0] SELECT object_id, object_type FROM "remind_to_calculate" WHERE elaborated_at is null GROUP BY object_id, object_type
SERVICE END: 04-26-2021
EXECUTION TIME: 0.004678823 sec.

2021/04/26 15:38:23 SERVICE START: 04-26-2021
/Users/lorenzo/Progetti/mind-reminder/internal/api/v1/controllers/remindtocalculatecontroller.go:19
[2.934ms] [rows:1] SELECT object_id, object_type FROM "remind_to_calculate" WHERE elaborated_at is null GROUP BY object_id, object_type
/Users/lorenzo/Progetti/mind-reminder/internal/api/v1/controllers/remindtocalculatecontroller.go:23
[1.560ms] [rows:1] SELECT * FROM "remind_to_calculate" WHERE object_id = '{"ID":"1"}' and object_type = 'Utente' and elaborated_at is null ORDER BY created_at desc,"remind_to_calculate"."id" LIMIT 1
/Users/lorenzo/Progetti/mind-reminder/cmd/main.go:46 record not found
[0.842ms] [rows:0] SELECT * FROM "reminder" ORDER BY "reminder"."id" LIMIT 1
/Users/lorenzo/go/pkg/mod/gorm.io/driver/postgres@v1.0.8/postgres.go:166
[0.101ms] [rows:0] SAVEPOINT sp0x14d0be0
/Users/lorenzo/Progetti/mind-reminder/internal/api/v1/controllers/remindercontroller.go:30
[0.958ms] [rows:1] INSERT INTO "reminder" ("description","reminder_type","object_raw","object_type","expire_at","accomplished_at","percentage","status_description","visibility") VALUES ('Test','Scadenza','{"ID":1,"Username":"lamicolor","Nome":"Simone","Cognome":"Rocchi","JwtToken":null,"RuoloID":1}','Utente','2021-04-26 15:38:23.56',NULL,0.000000,NULL,NULL) RETURNING "created_at","id"
/Users/lorenzo/Progetti/mind-reminder/internal/api/v1/controllers/remindtocalculatecontroller.go:33
[0.546ms] [rows:1] UPDATE "remind_to_calculate" SET "elaborated_at"='2021-04-26 15:38:23.555' WHERE created_at < '2021-04-26 15:38:23.555' AND (object_id = '{"ID":"1"}' and object_type = 'Utente' and elaborated_at is null)
SERVICE END: 04-26-2021
EXECUTION TIME: 0.008186003 sec.

2021/04/26 15:47:27 SERVICE START: 04-26-2021
/Users/lorenzo/Progetti/mind-reminder/internal/api/v1/controllers/remindtocalculatecontroller.go:19
[3.573ms] [rows:0] SELECT object_id, object_type FROM "remind_to_calculate" WHERE elaborated_at is null GROUP BY object_id, object_type
SERVICE END: 04-26-2021
EXECUTION TIME: 0.004089643 sec.

2021/04/26 16:11:24 ERROR
test
test SERVICE START: 04-26-2021
SERVICE END: 04-26-2021
EXECUTION TIME: 1.346887913 sec.
